<?xml version="1.0" encoding="UTF-8"?>
<coverage generated="1761630985332" clover="3.2.0">
  <project timestamp="1761630985332" name="All files">
    <metrics statements="88" coveredstatements="80" conditionals="51" coveredconditionals="33" methods="16" coveredmethods="15" elements="155" coveredelements="128" complexity="0" loc="88" ncloc="88" packages="1" files="1" classes="1"/>
    <file name="server.js" path="D:\todo-simple\server.js">
      <metrics statements="88" coveredstatements="80" conditionals="51" coveredconditionals="33" methods="16" coveredmethods="15"/>
      <line num="1" count="4" type="stmt"/>
      <line num="2" count="4" type="stmt"/>
      <line num="3" count="4" type="stmt"/>
      <line num="4" count="4" type="stmt"/>
      <line num="5" count="4" type="stmt"/>
      <line num="6" count="4" type="stmt"/>
      <line num="8" count="4" type="stmt"/>
      <line num="9" count="4" type="stmt"/>
      <line num="10" count="4" type="stmt"/>
      <line num="12" count="4" type="stmt"/>
      <line num="15" count="4" type="stmt"/>
      <line num="16" count="4" type="stmt"/>
      <line num="18" count="4" type="stmt"/>
      <line num="19" count="4" type="stmt"/>
      <line num="22" count="4" type="stmt"/>
      <line num="23" count="4" type="cond" truecount="1" falsecount="1"/>
      <line num="24" count="4" type="stmt"/>
      <line num="25" count="4" type="stmt"/>
      <line num="28" count="0" type="stmt"/>
      <line num="31" count="4" type="stmt"/>
      <line num="32" count="4" type="cond" truecount="1" falsecount="1"/>
      <line num="33" count="4" type="stmt"/>
      <line num="34" count="4" type="stmt"/>
      <line num="37" count="0" type="stmt"/>
      <line num="42" count="1" type="stmt"/>
      <line num="46" count="8" type="stmt"/>
      <line num="51" count="21" type="stmt"/>
      <line num="52" count="21" type="cond" truecount="2" falsecount="0"/>
      <line num="53" count="15" type="stmt"/>
      <line num="54" count="15" type="stmt"/>
      <line num="55" count="15" type="stmt"/>
      <line num="56" count="15" type="stmt"/>
      <line num="58" count="0" type="stmt"/>
      <line num="63" count="4" type="stmt"/>
      <line num="64" count="3" type="stmt"/>
      <line num="65" count="3" type="cond" truecount="3" falsecount="1"/>
      <line num="66" count="0" type="stmt"/>
      <line num="68" count="5" type="cond" truecount="2" falsecount="0"/>
      <line num="69" count="2" type="stmt"/>
      <line num="71" count="1" type="stmt"/>
      <line num="72" count="1" type="stmt"/>
      <line num="73" count="1" type="stmt"/>
      <line num="74" count="1" type="stmt"/>
      <line num="78" count="4" type="stmt"/>
      <line num="79" count="3" type="stmt"/>
      <line num="80" count="6" type="stmt"/>
      <line num="81" count="3" type="cond" truecount="1" falsecount="1"/>
      <line num="83" count="3" type="stmt"/>
      <line num="84" count="3" type="cond" truecount="1" falsecount="1"/>
      <line num="86" count="3" type="stmt"/>
      <line num="87" count="3" type="stmt"/>
      <line num="91" count="4" type="stmt"/>
      <line num="92" count="3" type="cond" truecount="0" falsecount="1"/>
      <line num="94" count="3" type="cond" truecount="1" falsecount="1"/>
      <line num="96" count="3" type="stmt"/>
      <line num="97" count="3" type="cond" truecount="1" falsecount="1"/>
      <line num="98" count="0" type="stmt"/>
      <line num="100" count="3" type="cond" truecount="2" falsecount="2"/>
      <line num="101" count="0" type="stmt"/>
      <line num="103" count="3" type="stmt"/>
      <line num="113" count="3" type="stmt"/>
      <line num="114" count="3" type="stmt"/>
      <line num="115" count="3" type="stmt"/>
      <line num="119" count="4" type="stmt"/>
      <line num="120" count="10" type="stmt"/>
      <line num="121" count="7" type="stmt"/>
      <line num="125" count="4" type="stmt"/>
      <line num="126" count="2" type="stmt"/>
      <line num="127" count="4" type="cond" truecount="2" falsecount="0"/>
      <line num="129" count="2" type="cond" truecount="1" falsecount="1"/>
      <line num="131" count="2" type="cond" truecount="2" falsecount="0"/>
      <line num="132" count="2" type="cond" truecount="1" falsecount="1"/>
      <line num="133" count="2" type="cond" truecount="1" falsecount="1"/>
      <line num="134" count="2" type="cond" truecount="2" falsecount="2"/>
      <line num="135" count="0" type="stmt"/>
      <line num="137" count="2" type="stmt"/>
      <line num="138" count="2" type="stmt"/>
      <line num="142" count="4" type="stmt"/>
      <line num="143" count="3" type="stmt"/>
      <line num="144" count="3" type="stmt"/>
      <line num="145" count="6" type="cond" truecount="2" falsecount="0"/>
      <line num="147" count="3" type="cond" truecount="1" falsecount="1"/>
      <line num="148" count="3" type="cond" truecount="1" falsecount="1"/>
      <line num="152" count="4" type="stmt"/>
      <line num="155" count="4" type="cond" truecount="2" falsecount="0"/>
      <line num="156" count="4" type="cond" truecount="1" falsecount="1"/>
      <line num="157" count="0" type="stmt"/>
      <line num="160" count="4" type="stmt"/>
    </file>
  </project>
</coverage>
