{"D:\\todo-simple\\server.js": {"path":"D:\\todo-simple\\server.js","statementMap":{"0":{"start":{"line":1,"column":16},"end":{"line":1,"column":34}},"1":{"start":{"line":2,"column":19},"end":{"line":2,"column":41}},"2":{"start":{"line":3,"column":23},"end":{"line":3,"column":38}},"3":{"start":{"line":4,"column":15},"end":{"line":4,"column":34}},"4":{"start":{"line":5,"column":12},"end":{"line":5,"column":35}},"5":{"start":{"line":6,"column":11},"end":{"line":6,"column":24}},"6":{"start":{"line":8,"column":12},"end":{"line":8,"column":21}},"7":{"start":{"line":9,"column":0},"end":{"line":9,"column":27}},"8":{"start":{"line":10,"column":0},"end":{"line":10,"column":34}},"9":{"start":{"line":12,"column":15},"end":{"line":12,"column":31}},"10":{"start":{"line":15,"column":19},"end":{"line":15,"column":33}},"11":{"start":{"line":16,"column":19},"end":{"line":16,"column":33}},"12":{"start":{"line":18,"column":12},"end":{"line":18,"column":14}},"13":{"start":{"line":19,"column":12},"end":{"line":19,"column":14}},"14":{"start":{"line":22,"column":0},"end":{"line":29,"column":1}},"15":{"start":{"line":23,"column":2},"end":{"line":26,"column":3}},"16":{"start":{"line":24,"column":4},"end":{"line":24,"column":60}},"17":{"start":{"line":25,"column":4},"end":{"line":25,"column":50}},"18":{"start":{"line":28,"column":4},"end":{"line":28,"column":53}},"19":{"start":{"line":31,"column":0},"end":{"line":38,"column":1}},"20":{"start":{"line":32,"column":2},"end":{"line":35,"column":3}},"21":{"start":{"line":33,"column":4},"end":{"line":33,"column":60}},"22":{"start":{"line":34,"column":4},"end":{"line":34,"column":50}},"23":{"start":{"line":37,"column":4},"end":{"line":37,"column":53}},"24":{"start":{"line":42,"column":2},"end":{"line":42,"column":63}},"25":{"start":{"line":46,"column":2},"end":{"line":46,"column":63}},"26":{"start":{"line":51,"column":16},"end":{"line":51,"column":56}},"27":{"start":{"line":52,"column":2},"end":{"line":52,"column":71}},"28":{"start":{"line":52,"column":14},"end":{"line":52,"column":71}},"29":{"start":{"line":53,"column":2},"end":{"line":59,"column":3}},"30":{"start":{"line":54,"column":20},"end":{"line":54,"column":45}},"31":{"start":{"line":55,"column":4},"end":{"line":55,"column":23}},"32":{"start":{"line":56,"column":4},"end":{"line":56,"column":11}},"33":{"start":{"line":58,"column":4},"end":{"line":58,"column":53}},"34":{"start":{"line":63,"column":0},"end":{"line":75,"column":3}},"35":{"start":{"line":64,"column":33},"end":{"line":64,"column":41}},"36":{"start":{"line":65,"column":2},"end":{"line":66,"column":75}},"37":{"start":{"line":66,"column":4},"end":{"line":66,"column":75}},"38":{"start":{"line":68,"column":2},"end":{"line":69,"column":66}},"39":{"start":{"line":68,"column":22},"end":{"line":68,"column":45}},"40":{"start":{"line":69,"column":4},"end":{"line":69,"column":66}},"41":{"start":{"line":71,"column":15},"end":{"line":71,"column":46}},"42":{"start":{"line":72,"column":2},"end":{"line":72,"column":43}},"43":{"start":{"line":73,"column":2},"end":{"line":73,"column":14}},"44":{"start":{"line":74,"column":2},"end":{"line":74,"column":65}},"45":{"start":{"line":78,"column":0},"end":{"line":88,"column":3}},"46":{"start":{"line":79,"column":33},"end":{"line":79,"column":41}},"47":{"start":{"line":80,"column":15},"end":{"line":80,"column":55}},"48":{"start":{"line":80,"column":31},"end":{"line":80,"column":54}},"49":{"start":{"line":81,"column":2},"end":{"line":81,"column":75}},"50":{"start":{"line":81,"column":13},"end":{"line":81,"column":75}},"51":{"start":{"line":83,"column":16},"end":{"line":83,"column":61}},"52":{"start":{"line":84,"column":2},"end":{"line":84,"column":76}},"53":{"start":{"line":84,"column":14},"end":{"line":84,"column":76}},"54":{"start":{"line":86,"column":16},"end":{"line":86,"column":67}},"55":{"start":{"line":87,"column":2},"end":{"line":87,"column":22}},"56":{"start":{"line":91,"column":0},"end":{"line":116,"column":3}},"57":{"start":{"line":92,"column":50},"end":{"line":92,"column":58}},"58":{"start":{"line":94,"column":2},"end":{"line":94,"column":71}},"59":{"start":{"line":94,"column":14},"end":{"line":94,"column":71}},"60":{"start":{"line":96,"column":26},"end":{"line":96,"column":51}},"61":{"start":{"line":97,"column":2},"end":{"line":98,"column":63}},"62":{"start":{"line":98,"column":4},"end":{"line":98,"column":63}},"63":{"start":{"line":100,"column":2},"end":{"line":101,"column":69}},"64":{"start":{"line":101,"column":4},"end":{"line":101,"column":69}},"65":{"start":{"line":103,"column":15},"end":{"line":111,"column":3}},"66":{"start":{"line":113,"column":2},"end":{"line":113,"column":19}},"67":{"start":{"line":114,"column":2},"end":{"line":114,"column":14}},"68":{"start":{"line":115,"column":2},"end":{"line":115,"column":29}},"69":{"start":{"line":119,"column":0},"end":{"line":122,"column":3}},"70":{"start":{"line":120,"column":20},"end":{"line":120,"column":67}},"71":{"start":{"line":120,"column":38},"end":{"line":120,"column":66}},"72":{"start":{"line":121,"column":2},"end":{"line":121,"column":22}},"73":{"start":{"line":125,"column":0},"end":{"line":139,"column":3}},"74":{"start":{"line":126,"column":15},"end":{"line":128,"column":3}},"75":{"start":{"line":127,"column":9},"end":{"line":127,"column":63}},"76":{"start":{"line":129,"column":2},"end":{"line":129,"column":70}},"77":{"start":{"line":129,"column":13},"end":{"line":129,"column":70}},"78":{"start":{"line":131,"column":2},"end":{"line":131,"column":44}},"79":{"start":{"line":132,"column":2},"end":{"line":132,"column":68}},"80":{"start":{"line":132,"column":42},"end":{"line":132,"column":68}},"81":{"start":{"line":133,"column":2},"end":{"line":133,"column":59}},"82":{"start":{"line":133,"column":25},"end":{"line":133,"column":59}},"83":{"start":{"line":134,"column":2},"end":{"line":135,"column":36}},"84":{"start":{"line":135,"column":4},"end":{"line":135,"column":36}},"85":{"start":{"line":137,"column":2},"end":{"line":137,"column":14}},"86":{"start":{"line":138,"column":2},"end":{"line":138,"column":17}},"87":{"start":{"line":142,"column":0},"end":{"line":149,"column":3}},"88":{"start":{"line":143,"column":17},"end":{"line":143,"column":29}},"89":{"start":{"line":144,"column":2},"end":{"line":146,"column":4}},"90":{"start":{"line":145,"column":9},"end":{"line":145,"column":66}},"91":{"start":{"line":147,"column":2},"end":{"line":147,"column":43}},"92":{"start":{"line":147,"column":31},"end":{"line":147,"column":43}},"93":{"start":{"line":148,"column":2},"end":{"line":148,"column":56}},"94":{"start":{"line":152,"column":0},"end":{"line":152,"column":61}},"95":{"start":{"line":152,"column":33},"end":{"line":152,"column":59}},"96":{"start":{"line":155,"column":13},"end":{"line":155,"column":37}},"97":{"start":{"line":156,"column":0},"end":{"line":158,"column":1}},"98":{"start":{"line":157,"column":2},"end":{"line":157,"column":77}},"99":{"start":{"line":157,"column":25},"end":{"line":157,"column":75}},"100":{"start":{"line":160,"column":0},"end":{"line":160,"column":21}}},"fnMap":{"0":{"name":"saveUsers","decl":{"start":{"line":41,"column":9},"end":{"line":41,"column":18}},"loc":{"start":{"line":41,"column":21},"end":{"line":43,"column":1}},"line":41},"1":{"name":"saveTodos","decl":{"start":{"line":45,"column":9},"end":{"line":45,"column":18}},"loc":{"start":{"line":45,"column":21},"end":{"line":47,"column":1}},"line":45},"2":{"name":"auth","decl":{"start":{"line":50,"column":9},"end":{"line":50,"column":13}},"loc":{"start":{"line":50,"column":30},"end":{"line":60,"column":1}},"line":50},"3":{"name":"(anonymous_3)","decl":{"start":{"line":63,"column":24},"end":{"line":63,"column":25}},"loc":{"start":{"line":63,"column":44},"end":{"line":75,"column":1}},"line":63},"4":{"name":"(anonymous_4)","decl":{"start":{"line":68,"column":17},"end":{"line":68,"column":18}},"loc":{"start":{"line":68,"column":22},"end":{"line":68,"column":45}},"line":68},"5":{"name":"(anonymous_5)","decl":{"start":{"line":78,"column":23},"end":{"line":78,"column":24}},"loc":{"start":{"line":78,"column":43},"end":{"line":88,"column":1}},"line":78},"6":{"name":"(anonymous_6)","decl":{"start":{"line":80,"column":26},"end":{"line":80,"column":27}},"loc":{"start":{"line":80,"column":31},"end":{"line":80,"column":54}},"line":80},"7":{"name":"(anonymous_7)","decl":{"start":{"line":91,"column":29},"end":{"line":91,"column":30}},"loc":{"start":{"line":91,"column":43},"end":{"line":116,"column":1}},"line":91},"8":{"name":"(anonymous_8)","decl":{"start":{"line":119,"column":28},"end":{"line":119,"column":29}},"loc":{"start":{"line":119,"column":42},"end":{"line":122,"column":1}},"line":119},"9":{"name":"(anonymous_9)","decl":{"start":{"line":120,"column":33},"end":{"line":120,"column":34}},"loc":{"start":{"line":120,"column":38},"end":{"line":120,"column":66}},"line":120},"10":{"name":"(anonymous_10)","decl":{"start":{"line":125,"column":32},"end":{"line":125,"column":33}},"loc":{"start":{"line":125,"column":46},"end":{"line":139,"column":1}},"line":125},"11":{"name":"(anonymous_11)","decl":{"start":{"line":127,"column":4},"end":{"line":127,"column":5}},"loc":{"start":{"line":127,"column":9},"end":{"line":127,"column":63}},"line":127},"12":{"name":"(anonymous_12)","decl":{"start":{"line":142,"column":35},"end":{"line":142,"column":36}},"loc":{"start":{"line":142,"column":49},"end":{"line":149,"column":1}},"line":142},"13":{"name":"(anonymous_13)","decl":{"start":{"line":145,"column":4},"end":{"line":145,"column":5}},"loc":{"start":{"line":145,"column":9},"end":{"line":145,"column":66}},"line":145},"14":{"name":"(anonymous_14)","decl":{"start":{"line":152,"column":19},"end":{"line":152,"column":20}},"loc":{"start":{"line":152,"column":33},"end":{"line":152,"column":59}},"line":152},"15":{"name":"(anonymous_15)","decl":{"start":{"line":157,"column":19},"end":{"line":157,"column":20}},"loc":{"start":{"line":157,"column":25},"end":{"line":157,"column":75}},"line":157}},"branchMap":{"0":{"loc":{"start":{"line":23,"column":2},"end":{"line":26,"column":3}},"type":"if","locations":[{"start":{"line":23,"column":2},"end":{"line":26,"column":3}},{"start":{},"end":{}}],"line":23},"1":{"loc":{"start":{"line":32,"column":2},"end":{"line":35,"column":3}},"type":"if","locations":[{"start":{"line":32,"column":2},"end":{"line":35,"column":3}},{"start":{},"end":{}}],"line":32},"2":{"loc":{"start":{"line":52,"column":2},"end":{"line":52,"column":71}},"type":"if","locations":[{"start":{"line":52,"column":2},"end":{"line":52,"column":71}},{"start":{},"end":{}}],"line":52},"3":{"loc":{"start":{"line":65,"column":2},"end":{"line":66,"column":75}},"type":"if","locations":[{"start":{"line":65,"column":2},"end":{"line":66,"column":75}},{"start":{},"end":{}}],"line":65},"4":{"loc":{"start":{"line":65,"column":6},"end":{"line":65,"column":28}},"type":"binary-expr","locations":[{"start":{"line":65,"column":6},"end":{"line":65,"column":15}},{"start":{"line":65,"column":19},"end":{"line":65,"column":28}}],"line":65},"5":{"loc":{"start":{"line":68,"column":2},"end":{"line":69,"column":66}},"type":"if","locations":[{"start":{"line":68,"column":2},"end":{"line":69,"column":66}},{"start":{},"end":{}}],"line":68},"6":{"loc":{"start":{"line":81,"column":2},"end":{"line":81,"column":75}},"type":"if","locations":[{"start":{"line":81,"column":2},"end":{"line":81,"column":75}},{"start":{},"end":{}}],"line":81},"7":{"loc":{"start":{"line":84,"column":2},"end":{"line":84,"column":76}},"type":"if","locations":[{"start":{"line":84,"column":2},"end":{"line":84,"column":76}},{"start":{},"end":{}}],"line":84},"8":{"loc":{"start":{"line":92,"column":17},"end":{"line":92,"column":36}},"type":"default-arg","locations":[{"start":{"line":92,"column":28},"end":{"line":92,"column":36}}],"line":92},"9":{"loc":{"start":{"line":94,"column":2},"end":{"line":94,"column":71}},"type":"if","locations":[{"start":{"line":94,"column":2},"end":{"line":94,"column":71}},{"start":{},"end":{}}],"line":94},"10":{"loc":{"start":{"line":97,"column":2},"end":{"line":98,"column":63}},"type":"if","locations":[{"start":{"line":97,"column":2},"end":{"line":98,"column":63}},{"start":{},"end":{}}],"line":97},"11":{"loc":{"start":{"line":100,"column":2},"end":{"line":101,"column":69}},"type":"if","locations":[{"start":{"line":100,"column":2},"end":{"line":101,"column":69}},{"start":{},"end":{}}],"line":100},"12":{"loc":{"start":{"line":100,"column":6},"end":{"line":100,"column":43}},"type":"binary-expr","locations":[{"start":{"line":100,"column":6},"end":{"line":100,"column":13}},{"start":{"line":100,"column":17},"end":{"line":100,"column":43}}],"line":100},"13":{"loc":{"start":{"line":107,"column":13},"end":{"line":107,"column":28}},"type":"binary-expr","locations":[{"start":{"line":107,"column":13},"end":{"line":107,"column":20}},{"start":{"line":107,"column":24},"end":{"line":107,"column":28}}],"line":107},"14":{"loc":{"start":{"line":127,"column":9},"end":{"line":127,"column":63}},"type":"binary-expr","locations":[{"start":{"line":127,"column":9},"end":{"line":127,"column":31}},{"start":{"line":127,"column":35},"end":{"line":127,"column":63}}],"line":127},"15":{"loc":{"start":{"line":129,"column":2},"end":{"line":129,"column":70}},"type":"if","locations":[{"start":{"line":129,"column":2},"end":{"line":129,"column":70}},{"start":{},"end":{}}],"line":129},"16":{"loc":{"start":{"line":131,"column":15},"end":{"line":131,"column":43}},"type":"binary-expr","locations":[{"start":{"line":131,"column":15},"end":{"line":131,"column":29}},{"start":{"line":131,"column":33},"end":{"line":131,"column":43}}],"line":131},"17":{"loc":{"start":{"line":132,"column":2},"end":{"line":132,"column":68}},"type":"if","locations":[{"start":{"line":132,"column":2},"end":{"line":132,"column":68}},{"start":{},"end":{}}],"line":132},"18":{"loc":{"start":{"line":133,"column":2},"end":{"line":133,"column":59}},"type":"if","locations":[{"start":{"line":133,"column":2},"end":{"line":133,"column":59}},{"start":{},"end":{}}],"line":133},"19":{"loc":{"start":{"line":134,"column":2},"end":{"line":135,"column":36}},"type":"if","locations":[{"start":{"line":134,"column":2},"end":{"line":135,"column":36}},{"start":{},"end":{}}],"line":134},"20":{"loc":{"start":{"line":134,"column":6},"end":{"line":134,"column":62}},"type":"binary-expr","locations":[{"start":{"line":134,"column":6},"end":{"line":134,"column":22}},{"start":{"line":134,"column":26},"end":{"line":134,"column":62}}],"line":134},"21":{"loc":{"start":{"line":145,"column":11},"end":{"line":145,"column":65}},"type":"binary-expr","locations":[{"start":{"line":145,"column":11},"end":{"line":145,"column":33}},{"start":{"line":145,"column":37},"end":{"line":145,"column":65}}],"line":145},"22":{"loc":{"start":{"line":147,"column":2},"end":{"line":147,"column":43}},"type":"if","locations":[{"start":{"line":147,"column":2},"end":{"line":147,"column":43}},{"start":{},"end":{}}],"line":147},"23":{"loc":{"start":{"line":148,"column":13},"end":{"line":148,"column":48}},"type":"cond-expr","locations":[{"start":{"line":148,"column":39},"end":{"line":148,"column":42}},{"start":{"line":148,"column":45},"end":{"line":148,"column":48}}],"line":148},"24":{"loc":{"start":{"line":155,"column":13},"end":{"line":155,"column":37}},"type":"binary-expr","locations":[{"start":{"line":155,"column":13},"end":{"line":155,"column":29}},{"start":{"line":155,"column":33},"end":{"line":155,"column":37}}],"line":155},"25":{"loc":{"start":{"line":156,"column":0},"end":{"line":158,"column":1}},"type":"if","locations":[{"start":{"line":156,"column":0},"end":{"line":158,"column":1}},{"start":{},"end":{}}],"line":156}},"s":{"0":4,"1":4,"2":4,"3":4,"4":4,"5":4,"6":4,"7":4,"8":4,"9":4,"10":4,"11":4,"12":4,"13":4,"14":4,"15":4,"16":4,"17":4,"18":0,"19":4,"20":4,"21":4,"22":4,"23":0,"24":1,"25":8,"26":21,"27":21,"28":6,"29":15,"30":15,"31":15,"32":15,"33":0,"34":4,"35":3,"36":3,"37":0,"38":3,"39":5,"40":2,"41":1,"42":1,"43":1,"44":1,"45":4,"46":3,"47":3,"48":6,"49":3,"50":0,"51":3,"52":3,"53":0,"54":3,"55":3,"56":4,"57":3,"58":3,"59":0,"60":3,"61":3,"62":0,"63":3,"64":0,"65":3,"66":3,"67":3,"68":3,"69":4,"70":7,"71":10,"72":7,"73":4,"74":2,"75":4,"76":2,"77":0,"78":2,"79":2,"80":2,"81":2,"82":0,"83":2,"84":0,"85":2,"86":2,"87":4,"88":3,"89":3,"90":6,"91":3,"92":3,"93":3,"94":4,"95":1,"96":4,"97":4,"98":0,"99":0,"100":4},"f":{"0":1,"1":8,"2":21,"3":3,"4":5,"5":3,"6":6,"7":3,"8":7,"9":10,"10":2,"11":4,"12":3,"13":6,"14":1,"15":0},"b":{"0":[4,0],"1":[4,0],"2":[6,15],"3":[0,3],"4":[3,3],"5":[2,1],"6":[0,3],"7":[0,3],"8":[0],"9":[0,3],"10":[0,3],"11":[0,3],"12":[3,0],"13":[3,3],"14":[4,2],"15":[0,2],"16":[2,1],"17":[2,0],"18":[0,2],"19":[0,2],"20":[2,0],"21":[6,3],"22":[3,0],"23":[0,3],"24":[4,4],"25":[0,4]},"_coverageSchema":"1a1c01bbd47fc00a2c39e90264f33305004495a9","hash":"56dd158a07a02cabdb1d2bfd01f7ccb23991ef66"}
}
