{"D:\\todo-simple\\server.js": {"path":"D:\\todo-simple\\server.js","statementMap":{"0":{"start":{"line":1,"column":16},"end":{"line":1,"column":34}},"1":{"start":{"line":2,"column":19},"end":{"line":2,"column":41}},"2":{"start":{"line":3,"column":23},"end":{"line":3,"column":38}},"3":{"start":{"line":5,"column":12},"end":{"line":5,"column":21}},"4":{"start":{"line":6,"column":0},"end":{"line":6,"column":27}},"5":{"start":{"line":7,"column":0},"end":{"line":7,"column":34}},"6":{"start":{"line":9,"column":12},"end":{"line":9,"column":14}},"7":{"start":{"line":12,"column":0},"end":{"line":18,"column":3}},"8":{"start":{"line":13,"column":20},"end":{"line":13,"column":28}},"9":{"start":{"line":14,"column":2},"end":{"line":14,"column":71}},"10":{"start":{"line":14,"column":14},"end":{"line":14,"column":71}},"11":{"start":{"line":15,"column":15},"end":{"line":15,"column":88}},"12":{"start":{"line":16,"column":2},"end":{"line":16,"column":19}},"13":{"start":{"line":17,"column":2},"end":{"line":17,"column":29}},"14":{"start":{"line":21,"column":0},"end":{"line":21,"column":53}},"15":{"start":{"line":21,"column":36},"end":{"line":21,"column":51}},"16":{"start":{"line":24,"column":0},"end":{"line":30,"column":3}},"17":{"start":{"line":25,"column":12},"end":{"line":25,"column":51}},"18":{"start":{"line":25,"column":28},"end":{"line":25,"column":50}},"19":{"start":{"line":26,"column":2},"end":{"line":26,"column":62}},"20":{"start":{"line":26,"column":10},"end":{"line":26,"column":62}},"21":{"start":{"line":27,"column":2},"end":{"line":27,"column":38}},"22":{"start":{"line":28,"column":2},"end":{"line":28,"column":65}},"23":{"start":{"line":28,"column":42},"end":{"line":28,"column":65}},"24":{"start":{"line":29,"column":2},"end":{"line":29,"column":14}},"25":{"start":{"line":33,"column":0},"end":{"line":37,"column":3}},"26":{"start":{"line":34,"column":17},"end":{"line":34,"column":29}},"27":{"start":{"line":35,"column":2},"end":{"line":35,"column":52}},"28":{"start":{"line":35,"column":28},"end":{"line":35,"column":50}},"29":{"start":{"line":36,"column":2},"end":{"line":36,"column":56}},"30":{"start":{"line":40,"column":0},"end":{"line":40,"column":61}},"31":{"start":{"line":40,"column":33},"end":{"line":40,"column":59}},"32":{"start":{"line":42,"column":13},"end":{"line":42,"column":37}},"33":{"start":{"line":43,"column":0},"end":{"line":45,"column":1}},"34":{"start":{"line":44,"column":2},"end":{"line":44,"column":66}},"35":{"start":{"line":44,"column":25},"end":{"line":44,"column":64}},"36":{"start":{"line":47,"column":0},"end":{"line":47,"column":21}}},"fnMap":{"0":{"name":"(anonymous_0)","decl":{"start":{"line":12,"column":23},"end":{"line":12,"column":24}},"loc":{"start":{"line":12,"column":37},"end":{"line":18,"column":1}},"line":12},"1":{"name":"(anonymous_1)","decl":{"start":{"line":21,"column":22},"end":{"line":21,"column":23}},"loc":{"start":{"line":21,"column":36},"end":{"line":21,"column":51}},"line":21},"2":{"name":"(anonymous_2)","decl":{"start":{"line":24,"column":26},"end":{"line":24,"column":27}},"loc":{"start":{"line":24,"column":40},"end":{"line":30,"column":1}},"line":24},"3":{"name":"(anonymous_3)","decl":{"start":{"line":25,"column":23},"end":{"line":25,"column":24}},"loc":{"start":{"line":25,"column":28},"end":{"line":25,"column":50}},"line":25},"4":{"name":"(anonymous_4)","decl":{"start":{"line":33,"column":29},"end":{"line":33,"column":30}},"loc":{"start":{"line":33,"column":43},"end":{"line":37,"column":1}},"line":33},"5":{"name":"(anonymous_5)","decl":{"start":{"line":35,"column":23},"end":{"line":35,"column":24}},"loc":{"start":{"line":35,"column":28},"end":{"line":35,"column":50}},"line":35},"6":{"name":"(anonymous_6)","decl":{"start":{"line":40,"column":19},"end":{"line":40,"column":20}},"loc":{"start":{"line":40,"column":33},"end":{"line":40,"column":59}},"line":40},"7":{"name":"(anonymous_7)","decl":{"start":{"line":44,"column":19},"end":{"line":44,"column":20}},"loc":{"start":{"line":44,"column":25},"end":{"line":44,"column":64}},"line":44}},"branchMap":{"0":{"loc":{"start":{"line":14,"column":2},"end":{"line":14,"column":71}},"type":"if","locations":[{"start":{"line":14,"column":2},"end":{"line":14,"column":71}},{"start":{},"end":{}}],"line":14},"1":{"loc":{"start":{"line":26,"column":2},"end":{"line":26,"column":62}},"type":"if","locations":[{"start":{"line":26,"column":2},"end":{"line":26,"column":62}},{"start":{},"end":{}}],"line":26},"2":{"loc":{"start":{"line":27,"column":12},"end":{"line":27,"column":37}},"type":"binary-expr","locations":[{"start":{"line":27,"column":12},"end":{"line":27,"column":26}},{"start":{"line":27,"column":30},"end":{"line":27,"column":37}}],"line":27},"3":{"loc":{"start":{"line":28,"column":2},"end":{"line":28,"column":65}},"type":"if","locations":[{"start":{"line":28,"column":2},"end":{"line":28,"column":65}},{"start":{},"end":{}}],"line":28},"4":{"loc":{"start":{"line":36,"column":13},"end":{"line":36,"column":48}},"type":"cond-expr","locations":[{"start":{"line":36,"column":39},"end":{"line":36,"column":42}},{"start":{"line":36,"column":45},"end":{"line":36,"column":48}}],"line":36},"5":{"loc":{"start":{"line":42,"column":13},"end":{"line":42,"column":37}},"type":"binary-expr","locations":[{"start":{"line":42,"column":13},"end":{"line":42,"column":29}},{"start":{"line":42,"column":33},"end":{"line":42,"column":37}}],"line":42},"6":{"loc":{"start":{"line":43,"column":0},"end":{"line":45,"column":1}},"type":"if","locations":[{"start":{"line":43,"column":0},"end":{"line":45,"column":1}},{"start":{},"end":{}}],"line":43}},"s":{"0":2,"1":2,"2":2,"3":2,"4":2,"5":2,"6":2,"7":2,"8":3,"9":3,"10":1,"11":2,"12":2,"13":2,"14":2,"15":4,"16":2,"17":1,"18":1,"19":1,"20":0,"21":1,"22":1,"23":1,"24":1,"25":2,"26":2,"27":2,"28":2,"29":2,"30":2,"31":1,"32":2,"33":2,"34":0,"35":0,"36":2},"f":{"0":3,"1":4,"2":1,"3":1,"4":2,"5":2,"6":1,"7":0},"b":{"0":[1,2],"1":[0,1],"2":[1,0],"3":[1,0],"4":[0,2],"5":[2,2],"6":[0,2]},"_coverageSchema":"1a1c01bbd47fc00a2c39e90264f33305004495a9","hash":"7c385f05fa3affc2fc021baafadcb53e9e18d276"}
}
