TN:
SF:server.js
FN:41,saveUsers
FN:45,saveTodos
FN:50,auth
FN:63,(anonymous_3)
FN:68,(anonymous_4)
FN:78,(anonymous_5)
FN:80,(anonymous_6)
FN:91,(anonymous_7)
FN:119,(anonymous_8)
FN:120,(anonymous_9)
FN:125,(anonymous_10)
FN:127,(anonymous_11)
FN:142,(anonymous_12)
FN:145,(anonymous_13)
FN:152,(anonymous_14)
FN:157,(anonymous_15)
FNF:16
FNH:15
FNDA:1,saveUsers
FNDA:8,saveTodos
FNDA:21,auth
FNDA:3,(anonymous_3)
FNDA:5,(anonymous_4)
FNDA:3,(anonymous_5)
FNDA:6,(anonymous_6)
FNDA:3,(anonymous_7)
FNDA:7,(anonymous_8)
FNDA:10,(anonymous_9)
FNDA:2,(anonymous_10)
FNDA:4,(anonymous_11)
FNDA:3,(anonymous_12)
FNDA:6,(anonymous_13)
FNDA:1,(anonymous_14)
FNDA:0,(anonymous_15)
DA:1,4
DA:2,4
DA:3,4
DA:4,4
DA:5,4
DA:6,4
DA:8,4
DA:9,4
DA:10,4
DA:12,4
DA:15,4
DA:16,4
DA:18,4
DA:19,4
DA:22,4
DA:23,4
DA:24,4
DA:25,4
DA:28,0
DA:31,4
DA:32,4
DA:33,4
DA:34,4
DA:37,0
DA:42,1
DA:46,8
DA:51,21
DA:52,21
DA:53,15
DA:54,15
DA:55,15
DA:56,15
DA:58,0
DA:63,4
DA:64,3
DA:65,3
DA:66,0
DA:68,5
DA:69,2
DA:71,1
DA:72,1
DA:73,1
DA:74,1
DA:78,4
DA:79,3
DA:80,6
DA:81,3
DA:83,3
DA:84,3
DA:86,3
DA:87,3
DA:91,4
DA:92,3
DA:94,3
DA:96,3
DA:97,3
DA:98,0
DA:100,3
DA:101,0
DA:103,3
DA:113,3
DA:114,3
DA:115,3
DA:119,4
DA:120,10
DA:121,7
DA:125,4
DA:126,2
DA:127,4
DA:129,2
DA:131,2
DA:132,2
DA:133,2
DA:134,2
DA:135,0
DA:137,2
DA:138,2
DA:142,4
DA:143,3
DA:144,3
DA:145,6
DA:147,3
DA:148,3
DA:152,4
DA:155,4
DA:156,4
DA:157,0
DA:160,4
LF:88
LH:80
BRDA:23,0,0,4
BRDA:23,0,1,0
BRDA:32,1,0,4
BRDA:32,1,1,0
BRDA:52,2,0,6
BRDA:52,2,1,15
BRDA:65,3,0,0
BRDA:65,3,1,3
BRDA:65,4,0,3
BRDA:65,4,1,3
BRDA:68,5,0,2
BRDA:68,5,1,1
BRDA:81,6,0,0
BRDA:81,6,1,3
BRDA:84,7,0,0
BRDA:84,7,1,3
BRDA:92,8,0,0
BRDA:94,9,0,0
BRDA:94,9,1,3
BRDA:97,10,0,0
BRDA:97,10,1,3
BRDA:100,11,0,0
BRDA:100,11,1,3
BRDA:100,12,0,3
BRDA:100,12,1,0
BRDA:107,13,0,3
BRDA:107,13,1,3
BRDA:127,14,0,4
BRDA:127,14,1,2
BRDA:129,15,0,0
BRDA:129,15,1,2
BRDA:131,16,0,2
BRDA:131,16,1,1
BRDA:132,17,0,2
BRDA:132,17,1,0
BRDA:133,18,0,0
BRDA:133,18,1,2
BRDA:134,19,0,0
BRDA:134,19,1,2
BRDA:134,20,0,2
BRDA:134,20,1,0
BRDA:145,21,0,6
BRDA:145,21,1,3
BRDA:147,22,0,3
BRDA:147,22,1,0
BRDA:148,23,0,0
BRDA:148,23,1,3
BRDA:155,24,0,4
BRDA:155,24,1,4
BRDA:156,25,0,0
BRDA:156,25,1,4
BRF:51
BRH:33
end_of_record
